c:\users\callum\desktop\cmp208\gef_abertay\platform\d3d11\build\vs2017\win32\debug\gef_d3d11.pdb
c:\users\callum\desktop\cmp208\gef_abertay\platform\d3d11\build\vs2017\win32\debug\gef_d3d11.idb
c:\users\callum\desktop\cmp208\gef_abertay\platform\d3d11\build\vs2017\win32\debug\platform_d3d11.obj
c:\users\callum\desktop\cmp208\gef_abertay\platform\d3d11\build\vs2017\win32\debug\touch_input_manager_d3d11.obj
c:\users\callum\desktop\cmp208\gef_abertay\platform\d3d11\build\vs2017\win32\debug\sony_controller_input_manager_d3d11.obj
c:\users\callum\desktop\cmp208\gef_abertay\platform\d3d11\build\vs2017\win32\debug\keyboard_d3d11.obj
c:\users\callum\desktop\cmp208\gef_abertay\platform\d3d11\build\vs2017\win32\debug\input_manager_d3d11.obj
c:\users\callum\desktop\cmp208\gef_abertay\platform\d3d11\build\vs2017\win32\debug\vertex_buffer_d3d11.obj
c:\users\callum\desktop\cmp208\gef_abertay\platform\d3d11\build\vs2017\win32\debug\texture_d3d11.obj
c:\users\callum\desktop\cmp208\gef_abertay\platform\d3d11\build\vs2017\win32\debug\sprite_renderer_d3d11.obj
c:\users\callum\desktop\cmp208\gef_abertay\platform\d3d11\build\vs2017\win32\debug\shader_interface_d3d11.obj
c:\users\callum\desktop\cmp208\gef_abertay\platform\d3d11\build\vs2017\win32\debug\render_target_d3d11.obj
c:\users\callum\desktop\cmp208\gef_abertay\platform\d3d11\build\vs2017\win32\debug\renderer_3d_d3d11.obj
c:\users\callum\desktop\cmp208\gef_abertay\platform\d3d11\build\vs2017\win32\debug\index_buffer_d3d11.obj
c:\users\callum\desktop\cmp208\gef_abertay\platform\d3d11\build\vs2017\win32\debug\depth_buffer_d3d11.obj
c:\users\callum\desktop\cmp208\gef_abertay\platform\d3d11\build\vs2017\win32\debug\audio_manager_d3d11.obj
c:\users\callum\desktop\cmp208\audio-callum502\build\vs2017\win32\debug\gef_d3d11.lib
c:\users\callum\desktop\cmp208\gef_abertay\platform\d3d11\build\vs2017\win32\debug\gef_d3d11.tlog\cl.command.1.tlog
c:\users\callum\desktop\cmp208\gef_abertay\platform\d3d11\build\vs2017\win32\debug\gef_d3d11.tlog\cl.read.1.tlog
c:\users\callum\desktop\cmp208\gef_abertay\platform\d3d11\build\vs2017\win32\debug\gef_d3d11.tlog\cl.write.1.tlog
c:\users\callum\desktop\cmp208\gef_abertay\platform\d3d11\build\vs2017\win32\debug\gef_d3d11.tlog\lib-link.read.1.tlog
c:\users\callum\desktop\cmp208\gef_abertay\platform\d3d11\build\vs2017\win32\debug\gef_d3d11.tlog\lib-link.write.1.tlog
c:\users\callum\desktop\cmp208\gef_abertay\platform\d3d11\build\vs2017\win32\debug\gef_d3d11.tlog\lib.command.1.tlog
